<?xml version="1.0" encoding="UTF-8"?>
<testsuite name="search.GrepTest" tests="1" skipped="0" failures="0" errors="0" timestamp="2024-08-25T22:19:46" hostname="AHMEDPC" time="0.066">
  <properties/>
  <testcase name="shouldFindMatches[desktop]" classname="search.GrepTest" time="0.066"/>
  <system-out><![CDATA[]]></system-out>
  <system-err><![CDATA[]]></system-err>
</testsuite>
